<?xml version="1.0" encoding="UTF-8"?>
<!-- Generated by org.testng.reporters.JUnitReportReporter -->
<testsuite skipped="1" hostname="Sinems-MBP" name="com.api.test.GETCallNoBDD" tests="2" failures="0" timestamp="2020-11-18T19:14:19 EST" time="2.696" errors="0">
  <testcase name="getSingleUserAPITest" time="2.696" classname="com.api.test.GETCallNoBDD"/>
  <system-out/>
  <testcase name="getAllUsersAPITest" classname="com.api.test.GETCallNoBDD">
    <skipped/>
  </testcase> <!-- getAllUsersAPITest -->
  <system-out/>
</testsuite> <!-- com.api.test.GETCallNoBDD -->
