<?xml version="1.0" encoding="UTF-8"?>
<!-- Generated by org.testng.reporters.JUnitReportReporter -->
<testsuite skipped="0" hostname="Sinems-MBP" name="com.api.test.POSTCallAPI" tests="1" failures="0" timestamp="2020-11-18T19:33:18 EST" time="2.642" errors="0">
  <testcase name="createUserWithPOSTTest" time="2.642" classname="com.api.test.POSTCallAPI"/>
  <system-out/>
</testsuite> <!-- com.api.test.POSTCallAPI -->
